<?xml version="1.0" encoding="UTF-8"?>
<!-- Generated by org.testng.reporters.JUnitXMLReporter -->
<testsuite ignored="6" hostname="IN-PF42S2SA" failures="0" tests="15" name="Test" time="1.184" errors="0" timestamp="2024-08-13T14:06:36 IST">
  <testcase classname="appium.com.baseTest.BaseTest" name="@BeforeSuite launchApplication" time="41.524">
    <failure type="org.openqa.selenium.SessionNotCreatedException" message="Could not start a new session. Response code 500. Message: An unknown server-side error occurred while processing the command. Original error: Could not find a connected Android device in 20000ms 
Host info: host: &amp;apos;IN-PF42S2SA&amp;apos;, ip: &amp;apos;192.168.31.114&amp;apos;
Build info: version: &amp;apos;4.23.1&amp;apos;, revision: &amp;apos;656257d8e9&amp;apos;
System info: os.name: &amp;apos;Windows 11&amp;apos;, os.arch: &amp;apos;amd64&amp;apos;, os.version: &amp;apos;10.0&amp;apos;, java.version: &amp;apos;21.0.3&amp;apos;
Driver info: io.appium.java_client.android.AndroidDriver
Command: [null, newSession {capabilities=[Capabilities {appium:app: D:\APPIUM-AUTOMATION\Appium..., appium:automationName: UIAutomator2, appium:chromedriverExecutable: D:\APPIUM-AUTOMATION\Appium..., appium:deviceName: DeviceEmulator, platformName: ANDROID}]}]
Capabilities {appium:app: D:\APPIUM-AUTOMATION\Appium..., appium:automationName: UIAutomator2, appium:chromedriverExecutable: D:\APPIUM-AUTOMATION\Appium..., appium:deviceName: DeviceEmulator, platformName: ANDROID}">
      <![CDATA[org.openqa.selenium.SessionNotCreatedException: Could not start a new session. Response code 500. Message: An unknown server-side error occurred while processing the command. Original error: Could not find a connected Android device in 20000ms 
Host info: host: 'IN-PF42S2SA', ip: '192.168.31.114'
Build info: version: '4.23.1', revision: '656257d8e9'
System info: os.name: 'Windows 11', os.arch: 'amd64', os.version: '10.0', java.version: '21.0.3'
Driver info: io.appium.java_client.android.AndroidDriver
Command: [null, newSession {capabilities=[Capabilities {appium:app: D:\APPIUM-AUTOMATION\Appium..., appium:automationName: UIAutomator2, appium:chromedriverExecutable: D:\APPIUM-AUTOMATION\Appium..., appium:deviceName: DeviceEmulator, platformName: ANDROID}]}]
Capabilities {appium:app: D:\APPIUM-AUTOMATION\Appium..., appium:automationName: UIAutomator2, appium:chromedriverExecutable: D:\APPIUM-AUTOMATION\Appium..., appium:deviceName: DeviceEmulator, platformName: ANDROID}
at org.openqa.selenium.remote.ProtocolHandshake.createSession(ProtocolHandshake.java:114)
at org.openqa.selenium.remote.ProtocolHandshake.createSession(ProtocolHandshake.java:75)
at org.openqa.selenium.remote.ProtocolHandshake.createSession(ProtocolHandshake.java:61)
at io.appium.java_client.remote.AppiumCommandExecutor.createSession(AppiumCommandExecutor.java:176)
at io.appium.java_client.remote.AppiumCommandExecutor.execute(AppiumCommandExecutor.java:237)
at org.openqa.selenium.remote.RemoteWebDriver.execute(RemoteWebDriver.java:545)
at io.appium.java_client.AppiumDriver.startSession(AppiumDriver.java:270)
at org.openqa.selenium.remote.RemoteWebDriver.<init>(RemoteWebDriver.java:174)
at io.appium.java_client.AppiumDriver.<init>(AppiumDriver.java:91)
at io.appium.java_client.AppiumDriver.<init>(AppiumDriver.java:103)
at io.appium.java_client.android.AndroidDriver.<init>(AndroidDriver.java:109)
at appium.com.common.CommonBaseTest.configureDriverForApp(CommonBaseTest.java:68)
at appium.com.baseTest.BaseTest.launchApplication(BaseTest.java:24)
... Removed 21 stack frames]]>
    </failure>
  </testcase> <!-- @BeforeSuite launchApplication -->
  <testcase classname="appium.com.testcases.FormPageTest" name="@BeforeMethod setUp" time="0.0">
    <skipped/>
  </testcase> <!-- @BeforeMethod setUp -->
  <testcase classname="appium.com.testcases.FormPageTest" name="@BeforeMethod setUp" time="0.0">
    <skipped/>
  </testcase> <!-- @BeforeMethod setUp -->
  <testcase classname="appium.com.testcases.FormPageTest" name="@BeforeMethod setUp" time="0.0">
    <skipped/>
  </testcase> <!-- @BeforeMethod setUp -->
  <testcase classname="appium.com.testcases.CatalogPageTest" name="@BeforeMethod setUp" time="0.0">
    <skipped/>
  </testcase> <!-- @BeforeMethod setUp -->
  <testcase classname="appium.com.testcases.CartPageTest" name="@BeforeMethod setUp" time="0.0">
    <skipped/>
  </testcase> <!-- @BeforeMethod setUp -->
  <testcase classname="appium.com.testcases.CartPageTest" name="@BeforeMethod setUp" time="0.0">
    <skipped/>
  </testcase> <!-- @BeforeMethod setUp -->
  <testcase classname="appium.com.testcases.CartPageTest" name="@BeforeMethod setUp" time="0.0">
    <skipped/>
  </testcase> <!-- @BeforeMethod setUp -->
  <testcase classname="appium.com.testcases.CartPageTest" name="@BeforeMethod setUp" time="0.0">
    <skipped/>
  </testcase> <!-- @BeforeMethod setUp -->
  <testcase classname="appium.com.testcases.HybridAppTest" name="@BeforeMethod setUp" time="0.0">
    <skipped/>
  </testcase> <!-- @BeforeMethod setUp -->
  <testcase classname="appium.com.testcases.FormPageTest" name="selectCountry" time="0.0">
    <skipped/>
  </testcase> <!-- selectCountry -->
  <testcase classname="appium.com.testcases.FormPageTest" name="setName" time="0.0">
    <skipped/>
  </testcase> <!-- setName -->
  <testcase classname="appium.com.testcases.FormPageTest" name="selectGender" time="0.0">
    <skipped/>
  </testcase> <!-- selectGender -->
  <testcase classname="appium.com.testcases.FormPageTest" name="submitForm" time="0.0">
    <skipped/>
  </testcase> <!-- submitForm -->
  <testcase classname="appium.com.testcases.CatalogPageTest" name="addItemToCart" time="0.0">
    <skipped/>
  </testcase> <!-- addItemToCart -->
  <testcase classname="appium.com.testcases.CatalogPageTest" name="goToCartPage" time="0.0">
    <skipped/>
  </testcase> <!-- goToCartPage -->
  <testcase classname="appium.com.testcases.CartPageTest" name="verifyTheCartForProduct" time="0.0">
    <skipped/>
  </testcase> <!-- verifyTheCartForProduct -->
  <testcase classname="appium.com.testcases.CartPageTest" name="verifySumOfProductPrice" time="0.0">
    <skipped/>
  </testcase> <!-- verifySumOfProductPrice -->
  <testcase classname="appium.com.testcases.CartPageTest" name="verifyTheTotalAmountDisplayed" time="0.0">
    <skipped/>
  </testcase> <!-- verifyTheTotalAmountDisplayed -->
  <testcase classname="appium.com.testcases.CartPageTest" name="verifyTermsAndConditions" time="0.0">
    <skipped/>
  </testcase> <!-- verifyTermsAndConditions -->
  <testcase classname="appium.com.testcases.CartPageTest" name="applyDiscount" time="0.0">
    <skipped/>
  </testcase> <!-- applyDiscount -->
  <testcase classname="appium.com.testcases.CartPageTest" name="placeOrder" time="0.0">
    <skipped/>
  </testcase> <!-- placeOrder -->
  <testcase classname="appium.com.testcases.HybridAppTest" name="switchContext" time="0.0">
    <skipped/>
  </testcase> <!-- switchContext -->
  <testcase classname="appium.com.testcases.HybridAppTest" name="performActionOnWeb" time="0.0">
    <skipped/>
  </testcase> <!-- performActionOnWeb -->
  <testcase classname="appium.com.testcases.HybridAppTest" name="switchBackToNative" time="0.0">
    <skipped/>
  </testcase> <!-- switchBackToNative -->
  <testcase classname="appium.com.common.CommonBaseTest" name="@AfterSuite tearDown" time="0.0">
    <ignored/>
  </testcase> <!-- @AfterSuite tearDown -->
  <testcase classname="appium.com.common.CommonBaseTest" name="@AfterSuite tearDown" time="0.0">
    <ignored/>
  </testcase> <!-- @AfterSuite tearDown -->
  <testcase classname="appium.com.baseTest.BaseTest" name="@BeforeSuite launchApplication" time="0.0">
    <ignored/>
  </testcase> <!-- @BeforeSuite launchApplication -->
  <testcase classname="appium.com.baseTest.BaseTest" name="@BeforeSuite launchApplication" time="0.0">
    <ignored/>
  </testcase> <!-- @BeforeSuite launchApplication -->
  <testcase classname="appium.com.baseTest.BaseTest" name="@BeforeSuite launchApplication" time="0.0">
    <ignored/>
  </testcase> <!-- @BeforeSuite launchApplication -->
  <testcase classname="appium.com.common.CommonBaseTest" name="@AfterSuite tearDown" time="0.0">
    <ignored/>
  </testcase> <!-- @AfterSuite tearDown -->
</testsuite> <!-- Test -->
