<?xml version="1.0" encoding="UTF-8"?>
<!-- Generated by org.testng.reporters.JUnitReportReporter -->
<testsuite hostname="IN-PF42S2SA" failures="0" tests="5" name="appium.com.testcases.FormPageTest" time="41.524" errors="1" timestamp="2024-08-13T14:06:37 IST" skipped="4">
  <testcase classname="appium.com.testcases.FormPageTest" name="launchApplication" time="41.524">
    <error message="Could not start a new session. Response code 500. Message: An unknown server-side error occurred while processing the command. Original error: Could not find a connected Android device in 20000ms 
Host info: host: &#039;IN-PF42S2SA&#039;, ip: &#039;192.168.31.114&#039;
Build info: version: &#039;4.23.1&#039;, revision: &#039;656257d8e9&#039;
System info: os.name: &#039;Windows 11&#039;, os.arch: &#039;amd64&#039;, os.version: &#039;10.0&#039;, java.version: &#039;21.0.3&#039;
Driver info: io.appium.java_client.android.AndroidDriver
Command: [null, newSession {capabilities=[Capabilities {appium:app: D:\APPIUM-AUTOMATION\Appium..., appium:automationName: UIAutomator2, appium:chromedriverExecutable: D:\APPIUM-AUTOMATION\Appium..., appium:deviceName: DeviceEmulator, platformName: ANDROID}]}]
Capabilities {appium:app: D:\APPIUM-AUTOMATION\Appium..., appium:automationName: UIAutomator2, appium:chromedriverExecutable: D:\APPIUM-AUTOMATION\Appium..., appium:deviceName: DeviceEmulator, platformName: ANDROID}" type="org.openqa.selenium.SessionNotCreatedException">
      <![CDATA[org.openqa.selenium.SessionNotCreatedException: Could not start a new session. Response code 500. Message: An unknown server-side error occurred while processing the command. Original error: Could not find a connected Android device in 20000ms 
Host info: host: 'IN-PF42S2SA', ip: '192.168.31.114'
Build info: version: '4.23.1', revision: '656257d8e9'
System info: os.name: 'Windows 11', os.arch: 'amd64', os.version: '10.0', java.version: '21.0.3'
Driver info: io.appium.java_client.android.AndroidDriver
Command: [null, newSession {capabilities=[Capabilities {appium:app: D:\APPIUM-AUTOMATION\Appium..., appium:automationName: UIAutomator2, appium:chromedriverExecutable: D:\APPIUM-AUTOMATION\Appium..., appium:deviceName: DeviceEmulator, platformName: ANDROID}]}]
Capabilities {appium:app: D:\APPIUM-AUTOMATION\Appium..., appium:automationName: UIAutomator2, appium:chromedriverExecutable: D:\APPIUM-AUTOMATION\Appium..., appium:deviceName: DeviceEmulator, platformName: ANDROID}
at org.openqa.selenium.remote.ProtocolHandshake.createSession(ProtocolHandshake.java:114)
at org.openqa.selenium.remote.ProtocolHandshake.createSession(ProtocolHandshake.java:75)
at org.openqa.selenium.remote.ProtocolHandshake.createSession(ProtocolHandshake.java:61)
at io.appium.java_client.remote.AppiumCommandExecutor.createSession(AppiumCommandExecutor.java:176)
at io.appium.java_client.remote.AppiumCommandExecutor.execute(AppiumCommandExecutor.java:237)
at org.openqa.selenium.remote.RemoteWebDriver.execute(RemoteWebDriver.java:545)
at io.appium.java_client.AppiumDriver.startSession(AppiumDriver.java:270)
at org.openqa.selenium.remote.RemoteWebDriver.<init>(RemoteWebDriver.java:174)
at io.appium.java_client.AppiumDriver.<init>(AppiumDriver.java:91)
at io.appium.java_client.AppiumDriver.<init>(AppiumDriver.java:103)
at io.appium.java_client.android.AndroidDriver.<init>(AndroidDriver.java:109)
at appium.com.common.CommonBaseTest.configureDriverForApp(CommonBaseTest.java:68)
at appium.com.baseTest.BaseTest.launchApplication(BaseTest.java:24)
at java.base/jdk.internal.reflect.DirectMethodHandleAccessor.invoke(DirectMethodHandleAccessor.java:103)
at java.base/java.lang.reflect.Method.invoke(Method.java:580)
at org.testng.internal.invokers.MethodInvocationHelper.invokeMethod(MethodInvocationHelper.java:141)
at org.testng.internal.invokers.MethodInvocationHelper.invokeMethodConsideringTimeout(MethodInvocationHelper.java:71)
at org.testng.internal.invokers.ConfigInvoker.invokeConfigurationMethod(ConfigInvoker.java:400)
at org.testng.internal.invokers.ConfigInvoker.invokeConfigurations(ConfigInvoker.java:333)
at org.testng.SuiteRunner.privateRun(SuiteRunner.java:358)
at org.testng.SuiteRunner.run(SuiteRunner.java:312)
at org.testng.SuiteRunnerWorker.runSuite(SuiteRunnerWorker.java:52)
at org.testng.SuiteRunnerWorker.run(SuiteRunnerWorker.java:95)
at org.testng.TestNG.runSuitesSequentially(TestNG.java:1274)
at org.testng.TestNG.runSuitesLocally(TestNG.java:1208)
at org.testng.TestNG.runSuites(TestNG.java:1112)
at org.testng.TestNG.run(TestNG.java:1079)
at org.apache.maven.surefire.testng.TestNGExecutor.run(TestNGExecutor.java:308)
at org.apache.maven.surefire.testng.TestNGXmlTestSuite.execute(TestNGXmlTestSuite.java:71)
at org.apache.maven.surefire.testng.TestNGProvider.invoke(TestNGProvider.java:113)
at org.apache.maven.surefire.booter.ForkedBooter.runSuitesInProcess(ForkedBooter.java:385)
at org.apache.maven.surefire.booter.ForkedBooter.execute(ForkedBooter.java:162)
at org.apache.maven.surefire.booter.ForkedBooter.run(ForkedBooter.java:507)
at org.apache.maven.surefire.booter.ForkedBooter.main(ForkedBooter.java:495)
]]>
    </error>
  </testcase> <!-- launchApplication -->
  <testcase classname="appium.com.testcases.FormPageTest" name="selectCountry" time="0.000">
    <skipped/>
  </testcase> <!-- selectCountry -->
  <testcase classname="appium.com.testcases.FormPageTest" name="setName" time="0.000">
    <skipped/>
  </testcase> <!-- setName -->
  <testcase classname="appium.com.testcases.FormPageTest" name="selectGender" time="0.000">
    <skipped/>
  </testcase> <!-- selectGender -->
  <testcase classname="appium.com.testcases.FormPageTest" name="submitForm" time="0.000">
    <skipped/>
  </testcase> <!-- submitForm -->
</testsuite> <!-- appium.com.testcases.FormPageTest -->
